<?xml version="1.0" encoding="UTF-8"?>
<!-- Generated by org.testng.reporters.JUnitReportReporter -->
<testsuite hostname="DESKTOP-3TVFKPJ" failures="0" tests="1" name="Grouping_TestNG.Grp_TestNG.hgf" time="0.012" errors="0" timestamp="2022-11-20T17:45:03 IST" skipped="0">
  <testcase classname="Grouping_TestNG.Grp_TestNG.hgf" name="Test2" time="0.012"/>
  <system-out/>
</testsuite> <!-- Grouping_TestNG.Grp_TestNG.hgf -->
