<?xml version="1.0" encoding="UTF-8"?>
<!-- Generated by org.testng.reporters.JUnitReportReporter -->
<testsuite hostname="DESKTOP-3TVFKPJ" failures="0" tests="1" name="Grouping_TestNG.Grp_TestNG.Test1" time="0.013" errors="0" timestamp="2022-11-19T13:14:50 IST" skipped="0">
  <testcase classname="Grouping_TestNG.Grp_TestNG.Test1" name="test4" time="0.013"/>
  <system-out/>
</testsuite> <!-- Grouping_TestNG.Grp_TestNG.Test1 -->
